[1/12] cl /c /Zc:__cplusplus /Zp8 /GR /W3 /EHs /nologo /MD /D_CRT_SECURE_NO_DEPRECATE /D_SCL_SECURE_NO_DEPRECATE /D_SECURE_SCL=0   /DMATLAB_MEX_FILE  /DMATLAB_MEX_FILE /O2 /Oy- /DNDEBUG /fp:strict /utf-8 /I "." /I "C:\Users\aledi\Documents\GitHub\MatlabMEX\StochasticGrowthModel" /I "C:\Program Files\MATLAB\R2024b\toolbox\gpucoder\src\gpucoderrt\export\include\gpucoderrt" /I "C:\Program Files\MATLAB\R2024b\sys\cuda\win64\cuda\include" /I ".\interface" /I "C:\Program Files\MATLAB\R2024b\extern\include" /I "." -DMW_CUDA_ARCH=750 -DMW_GPU_MEMORY_MANAGER -DMODEL=rbc_solver_interp_gpu_mex -DMW_NEEDS_VERSION_H   interface\_coder_rbc_solver_interp_gpu_info.cpp /Fobuild\win64\_coder_rbc_solver_interp_gpu_info.obj
_coder_rbc_solver_interp_gpu_info.cpp
[2/12] nvcc -c -rdc=true -Wno-deprecated-gpu-targets -Xcompiler "/wd 4819" -Xcompiler "/MD" -Xcudafe "--display_error_number --diag_suppress=2381 --diag_suppress=unsigned_compare_with_zero --diag_suppress=useless_type_qualifier_on_return_type" -D_GNU_SOURCE -DMATLAB_MEX_FILE --no-exceptions -Xcompiler "/EHa" -noprof -ldir "C:\Program Files\MATLAB\R2024b/bin/win64" -Xcompiler "/utf-8" -I "." -I "C:\Users\aledi\Documents\GitHub\MatlabMEX\StochasticGrowthModel" -I "C:\Program Files\MATLAB\R2024b\toolbox\gpucoder\src\gpucoderrt\export\include\gpucoderrt" -I "C:\Program Files\MATLAB\R2024b\sys\cuda\win64\cuda\include" -I ".\interface" -I "C:\Program Files\MATLAB\R2024b\extern\include" -I "." -DMW_CUDA_ARCH=750 -DMW_GPU_MEMORY_MANAGER -DMODEL=rbc_solver_interp_gpu_mex -DMW_NEEDS_VERSION_H  -arch sm_75 -I "C:\Program Files\MATLAB\R2024b/simulink/include" -I "C:\Program Files\MATLAB\R2024b/toolbox/shared/simtargets" MWLaunchParametersUtilities.cpp -o build\win64\MWLaunchParametersUtilities.obj
MWLaunchParametersUtilities.cpp
[3/12] nvcc -c -rdc=true -Wno-deprecated-gpu-targets -Xcompiler "/wd 4819" -Xcompiler "/MD" -Xcudafe "--display_error_number --diag_suppress=2381 --diag_suppress=unsigned_compare_with_zero --diag_suppress=useless_type_qualifier_on_return_type" -D_GNU_SOURCE -DMATLAB_MEX_FILE --no-exceptions -Xcompiler "/EHa" -noprof -ldir "C:\Program Files\MATLAB\R2024b/bin/win64" -Xcompiler "/utf-8" -I "." -I "C:\Users\aledi\Documents\GitHub\MatlabMEX\StochasticGrowthModel" -I "C:\Program Files\MATLAB\R2024b\toolbox\gpucoder\src\gpucoderrt\export\include\gpucoderrt" -I "C:\Program Files\MATLAB\R2024b\sys\cuda\win64\cuda\include" -I ".\interface" -I "C:\Program Files\MATLAB\R2024b\extern\include" -I "." -DMW_CUDA_ARCH=750 -DMW_GPU_MEMORY_MANAGER -DMODEL=rbc_solver_interp_gpu_mex -DMW_NEEDS_VERSION_H  -arch sm_75 -I "C:\Program Files\MATLAB\R2024b/simulink/include" -I "C:\Program Files\MATLAB\R2024b/toolbox/shared/simtargets" cpp_mexapi_version.cpp -o build\win64\cpp_mexapi_version.obj
cpp_mexapi_version.cpp
[4/12] nvcc -c -rdc=true -Wno-deprecated-gpu-targets -Xcompiler "/wd 4819" -Xcompiler "/MD" -Xcudafe "--display_error_number --diag_suppress=2381 --diag_suppress=unsigned_compare_with_zero --diag_suppress=useless_type_qualifier_on_return_type" -D_GNU_SOURCE -DMATLAB_MEX_FILE --no-exceptions -Xcompiler "/EHa" -noprof -ldir "C:\Program Files\MATLAB\R2024b/bin/win64" -Xcompiler "/utf-8" -I "." -I "C:\Users\aledi\Documents\GitHub\MatlabMEX\StochasticGrowthModel" -I "C:\Program Files\MATLAB\R2024b\toolbox\gpucoder\src\gpucoderrt\export\include\gpucoderrt" -I "C:\Program Files\MATLAB\R2024b\sys\cuda\win64\cuda\include" -I ".\interface" -I "C:\Program Files\MATLAB\R2024b\extern\include" -I "." -DMW_CUDA_ARCH=750 -DMW_GPU_MEMORY_MANAGER -DMODEL=rbc_solver_interp_gpu_mex -DMW_NEEDS_VERSION_H  -arch sm_75 -I "C:\Program Files\MATLAB\R2024b/simulink/include" -I "C:\Program Files\MATLAB\R2024b/toolbox/shared/simtargets" MWCUBLASUtils.cpp -o build\win64\MWCUBLASUtils.obj
MWCUBLASUtils.cpp
[5/12] nvcc -c -rdc=true -Wno-deprecated-gpu-targets -Xcompiler "/wd 4819" -Xcompiler "/MD" -Xcudafe "--display_error_number --diag_suppress=2381 --diag_suppress=unsigned_compare_with_zero --diag_suppress=useless_type_qualifier_on_return_type" -D_GNU_SOURCE -DMATLAB_MEX_FILE --no-exceptions -Xcompiler "/EHa" -noprof -ldir "C:\Program Files\MATLAB\R2024b/bin/win64" -Xcompiler "/utf-8" -I "." -I "C:\Users\aledi\Documents\GitHub\MatlabMEX\StochasticGrowthModel" -I "C:\Program Files\MATLAB\R2024b\toolbox\gpucoder\src\gpucoderrt\export\include\gpucoderrt" -I "C:\Program Files\MATLAB\R2024b\sys\cuda\win64\cuda\include" -I ".\interface" -I "C:\Program Files\MATLAB\R2024b\extern\include" -I "." -DMW_CUDA_ARCH=750 -DMW_GPU_MEMORY_MANAGER -DMODEL=rbc_solver_interp_gpu_mex -DMW_NEEDS_VERSION_H  -arch sm_75 -I "C:\Program Files\MATLAB\R2024b/simulink/include" -I "C:\Program Files\MATLAB\R2024b/toolbox/shared/simtargets" rbc_solver_interp_gpu_data.cu -o build\win64\rbc_solver_interp_gpu_data.obj
rbc_solver_interp_gpu_data.cu
tmpxft_00002c98_00000000-10_rbc_solver_interp_gpu_data.cudafe1.cpp
[6/12] nvcc -c -rdc=true -Wno-deprecated-gpu-targets -Xcompiler "/wd 4819" -Xcompiler "/MD" -Xcudafe "--display_error_number --diag_suppress=2381 --diag_suppress=unsigned_compare_with_zero --diag_suppress=useless_type_qualifier_on_return_type" -D_GNU_SOURCE -DMATLAB_MEX_FILE --no-exceptions -Xcompiler "/EHa" -noprof -ldir "C:\Program Files\MATLAB\R2024b/bin/win64" -Xcompiler "/utf-8" -I "." -I "C:\Users\aledi\Documents\GitHub\MatlabMEX\StochasticGrowthModel" -I "C:\Program Files\MATLAB\R2024b\toolbox\gpucoder\src\gpucoderrt\export\include\gpucoderrt" -I "C:\Program Files\MATLAB\R2024b\sys\cuda\win64\cuda\include" -I ".\interface" -I "C:\Program Files\MATLAB\R2024b\extern\include" -I "." -DMW_CUDA_ARCH=750 -DMW_GPU_MEMORY_MANAGER -DMODEL=rbc_solver_interp_gpu_mex -DMW_NEEDS_VERSION_H  -arch sm_75 -I "C:\Program Files\MATLAB\R2024b/simulink/include" -I "C:\Program Files\MATLAB\R2024b/toolbox/shared/simtargets" rt_nonfinite.cu -o build\win64\rt_nonfinite.obj
rt_nonfinite.cu
tmpxft_00003d4c_00000000-10_rt_nonfinite.cudafe1.cpp
[7/12] nvcc -c -rdc=true -Wno-deprecated-gpu-targets -Xcompiler "/wd 4819" -Xcompiler "/MD" -Xcudafe "--display_error_number --diag_suppress=2381 --diag_suppress=unsigned_compare_with_zero --diag_suppress=useless_type_qualifier_on_return_type" -D_GNU_SOURCE -DMATLAB_MEX_FILE --no-exceptions -Xcompiler "/EHa" -noprof -ldir "C:\Program Files\MATLAB\R2024b/bin/win64" -Xcompiler "/utf-8" -I "." -I "C:\Users\aledi\Documents\GitHub\MatlabMEX\StochasticGrowthModel" -I "C:\Program Files\MATLAB\R2024b\toolbox\gpucoder\src\gpucoderrt\export\include\gpucoderrt" -I "C:\Program Files\MATLAB\R2024b\sys\cuda\win64\cuda\include" -I ".\interface" -I "C:\Program Files\MATLAB\R2024b\extern\include" -I "." -DMW_CUDA_ARCH=750 -DMW_GPU_MEMORY_MANAGER -DMODEL=rbc_solver_interp_gpu_mex -DMW_NEEDS_VERSION_H  -arch sm_75 -I "C:\Program Files\MATLAB\R2024b/simulink/include" -I "C:\Program Files\MATLAB\R2024b/toolbox/shared/simtargets" interface\_coder_rbc_solver_interp_gpu_api.cu -o build\win64\_coder_rbc_solver_interp_gpu_api.obj
_coder_rbc_solver_interp_gpu_api.cu
tmpxft_00001120_00000000-10__coder_rbc_solver_interp_gpu_api.cudafe1.cpp
[8/12] nvcc -c -rdc=true -Wno-deprecated-gpu-targets -Xcompiler "/wd 4819" -Xcompiler "/MD" -Xcudafe "--display_error_number --diag_suppress=2381 --diag_suppress=unsigned_compare_with_zero --diag_suppress=useless_type_qualifier_on_return_type" -D_GNU_SOURCE -DMATLAB_MEX_FILE --no-exceptions -Xcompiler "/EHa" -noprof -ldir "C:\Program Files\MATLAB\R2024b/bin/win64" -Xcompiler "/utf-8" -I "." -I "C:\Users\aledi\Documents\GitHub\MatlabMEX\StochasticGrowthModel" -I "C:\Program Files\MATLAB\R2024b\toolbox\gpucoder\src\gpucoderrt\export\include\gpucoderrt" -I "C:\Program Files\MATLAB\R2024b\sys\cuda\win64\cuda\include" -I ".\interface" -I "C:\Program Files\MATLAB\R2024b\extern\include" -I "." -DMW_CUDA_ARCH=750 -DMW_GPU_MEMORY_MANAGER -DMODEL=rbc_solver_interp_gpu_mex -DMW_NEEDS_VERSION_H  -arch sm_75 -I "C:\Program Files\MATLAB\R2024b/simulink/include" -I "C:\Program Files\MATLAB\R2024b/toolbox/shared/simtargets" rbc_solver_interp_gpu_initialize.cu -o build\win64\rbc_solver_interp_gpu_initialize.obj
rbc_solver_interp_gpu_initialize.cu
tmpxft_000057b4_00000000-10_rbc_solver_interp_gpu_initialize.cudafe1.cpp
[9/12] nvcc -c -rdc=true -Wno-deprecated-gpu-targets -Xcompiler "/wd 4819" -Xcompiler "/MD" -Xcudafe "--display_error_number --diag_suppress=2381 --diag_suppress=unsigned_compare_with_zero --diag_suppress=useless_type_qualifier_on_return_type" -D_GNU_SOURCE -DMATLAB_MEX_FILE --no-exceptions -Xcompiler "/EHa" -noprof -ldir "C:\Program Files\MATLAB\R2024b/bin/win64" -Xcompiler "/utf-8" -I "." -I "C:\Users\aledi\Documents\GitHub\MatlabMEX\StochasticGrowthModel" -I "C:\Program Files\MATLAB\R2024b\toolbox\gpucoder\src\gpucoderrt\export\include\gpucoderrt" -I "C:\Program Files\MATLAB\R2024b\sys\cuda\win64\cuda\include" -I ".\interface" -I "C:\Program Files\MATLAB\R2024b\extern\include" -I "." -DMW_CUDA_ARCH=750 -DMW_GPU_MEMORY_MANAGER -DMODEL=rbc_solver_interp_gpu_mex -DMW_NEEDS_VERSION_H  -arch sm_75 -I "C:\Program Files\MATLAB\R2024b/simulink/include" -I "C:\Program Files\MATLAB\R2024b/toolbox/shared/simtargets" rbc_solver_interp_gpu_terminate.cu -o build\win64\rbc_solver_interp_gpu_terminate.obj
rbc_solver_interp_gpu_terminate.cu
tmpxft_00002ab4_00000000-10_rbc_solver_interp_gpu_terminate.cudafe1.cpp
[10/12] nvcc -c -rdc=true -Wno-deprecated-gpu-targets -Xcompiler "/wd 4819" -Xcompiler "/MD" -Xcudafe "--display_error_number --diag_suppress=2381 --diag_suppress=unsigned_compare_with_zero --diag_suppress=useless_type_qualifier_on_return_type" -D_GNU_SOURCE -DMATLAB_MEX_FILE --no-exceptions -Xcompiler "/EHa" -noprof -ldir "C:\Program Files\MATLAB\R2024b/bin/win64" -Xcompiler "/utf-8" -I "." -I "C:\Users\aledi\Documents\GitHub\MatlabMEX\StochasticGrowthModel" -I "C:\Program Files\MATLAB\R2024b\toolbox\gpucoder\src\gpucoderrt\export\include\gpucoderrt" -I "C:\Program Files\MATLAB\R2024b\sys\cuda\win64\cuda\include" -I ".\interface" -I "C:\Program Files\MATLAB\R2024b\extern\include" -I "." -DMW_CUDA_ARCH=750 -DMW_GPU_MEMORY_MANAGER -DMODEL=rbc_solver_interp_gpu_mex -DMW_NEEDS_VERSION_H  -arch sm_75 -I "C:\Program Files\MATLAB\R2024b/simulink/include" -I "C:\Program Files\MATLAB\R2024b/toolbox/shared/simtargets" interface\_coder_rbc_solver_interp_gpu_mex.cu -o build\win64\_coder_rbc_solver_interp_gpu_mex.obj
_coder_rbc_solver_interp_gpu_mex.cu
tmpxft_000050ac_00000000-10__coder_rbc_solver_interp_gpu_mex.cudafe1.cpp
[11/12] nvcc -c -rdc=true -Wno-deprecated-gpu-targets -Xcompiler "/wd 4819" -Xcompiler "/MD" -Xcudafe "--display_error_number --diag_suppress=2381 --diag_suppress=unsigned_compare_with_zero --diag_suppress=useless_type_qualifier_on_return_type" -D_GNU_SOURCE -DMATLAB_MEX_FILE --no-exceptions -Xcompiler "/EHa" -noprof -ldir "C:\Program Files\MATLAB\R2024b/bin/win64" -Xcompiler "/utf-8" -I "." -I "C:\Users\aledi\Documents\GitHub\MatlabMEX\StochasticGrowthModel" -I "C:\Program Files\MATLAB\R2024b\toolbox\gpucoder\src\gpucoderrt\export\include\gpucoderrt" -I "C:\Program Files\MATLAB\R2024b\sys\cuda\win64\cuda\include" -I ".\interface" -I "C:\Program Files\MATLAB\R2024b\extern\include" -I "." -DMW_CUDA_ARCH=750 -DMW_GPU_MEMORY_MANAGER -DMODEL=rbc_solver_interp_gpu_mex -DMW_NEEDS_VERSION_H  -arch sm_75 -I "C:\Program Files\MATLAB\R2024b/simulink/include" -I "C:\Program Files\MATLAB\R2024b/toolbox/shared/simtargets" rbc_solver_interp_gpu.cu -o build\win64\rbc_solver_interp_gpu.obj
rbc_solver_interp_gpu.cu
tmpxft_000051a8_00000000-10_rbc_solver_interp_gpu.cudafe1.cpp
[12/12] nvcc  -Xlinker /nologo -Xlinker /DLL -L"C:\Program Files\MATLAB\R2024b\extern\lib\win64\microsoft" libmx.lib libmex.lib libmat.lib kernel32.lib user32.lib gdi32.lib winspool.lib comdlg32.lib advapi32.lib shell32.lib ole32.lib oleaut32.lib uuid.lib odbc32.lib odbccp32.lib   -L"C:\Program Files\MATLAB\R2024b\sys\cuda\win64\cuda\lib\x64" -L"C:\Program Files\MATLAB\R2024b\bin\win64" libemlrt.lib libcovrt.lib libut.lib libmwmathutil.lib -L"C:\Program Files\MATLAB\R2024b\lib\win64" gpucoderrt.lib -arch sm_75 -I"C:\Program Files\MATLAB\R2024b\sys\cuda\win64\cuda\include" -lcublas -lcusolver -lcufft -lcurand -lcusparse -Xnvlink -w  -Wno-deprecated-gpu-targets -Xlinker /NODEFAULTLIB:libcmt.lib -o rbc_solver_interp_gpu_mex.mexw64 build\win64\MWLaunchParametersUtilities.obj build\win64\MWCUBLASUtils.obj build\win64\rbc_solver_interp_gpu_data.obj build\win64\rt_nonfinite.obj build\win64\rbc_solver_interp_gpu_initialize.obj build\win64\rbc_solver_interp_gpu_terminate.obj build\win64\rbc_solver_interp_gpu.obj build\win64\_coder_rbc_solver_interp_gpu_api.obj build\win64\_coder_rbc_solver_interp_gpu_mex.obj build\win64\_coder_rbc_solver_interp_gpu_info.obj build\win64\cpp_mexapi_version.obj
libmx.lib
libmex.lib
libmat.lib
kernel32.lib
user32.lib
gdi32.lib
winspool.lib
comdlg32.lib
advapi32.lib
shell32.lib
ole32.lib
oleaut32.lib
uuid.lib
odbc32.lib
odbccp32.lib
libemlrt.lib
libcovrt.lib
libut.lib
libmwmathutil.lib
gpucoderrt.lib
MWLaunchParametersUtilities.obj
MWCUBLASUtils.obj
rbc_solver_interp_gpu_data.obj
rt_nonfinite.obj
rbc_solver_interp_gpu_initialize.obj
rbc_solver_interp_gpu_terminate.obj
rbc_solver_interp_gpu.obj
_coder_rbc_solver_interp_gpu_api.obj
_coder_rbc_solver_interp_gpu_mex.obj
_coder_rbc_solver_interp_gpu_info.obj
cpp_mexapi_version.obj
   Creating library rbc_solver_interp_gpu_mex.lib and object rbc_solver_interp_gpu_mex.exp
