[1/15] cl /c /Zc:__cplusplus /Zp8 /GR /W3 /EHs /nologo /MD /D_CRT_SECURE_NO_DEPRECATE /D_SCL_SECURE_NO_DEPRECATE /D_SECURE_SCL=0   /DMATLAB_MEX_FILE  /DMATLAB_MEX_FILE /O2 /Oy- /DNDEBUG /fp:strict /utf-8 /I "." /I "C:\Users\aledi\Documents\GitHub\MatlabMEX\StochasticGrowthModel" /I ".\interface" /I "C:\Program Files\MATLAB\R2024b\extern\include" /I "." -DMODEL=rbc_solver_interp_mex /openmp /wd4101  rt_nonfinite.c /Fobuild\win64\rt_nonfinite.obj
rt_nonfinite.c
[2/15] cl /c /Zc:__cplusplus /Zp8 /GR /W3 /EHs /nologo /MD /D_CRT_SECURE_NO_DEPRECATE /D_SCL_SECURE_NO_DEPRECATE /D_SECURE_SCL=0   /DMATLAB_MEX_FILE  /DMATLAB_MEX_FILE /O2 /Oy- /DNDEBUG /fp:strict /utf-8 /I "." /I "C:\Users\aledi\Documents\GitHub\MatlabMEX\StochasticGrowthModel" /I ".\interface" /I "C:\Program Files\MATLAB\R2024b\extern\include" /I "." -DMODEL=rbc_solver_interp_mex /openmp /wd4101  rbc_solver_interp_mexutil.c /Fobuild\win64\rbc_solver_interp_mexutil.obj
rbc_solver_interp_mexutil.c
[3/15] cl /c /Zc:__cplusplus /Zp8 /GR /W3 /EHs /nologo /MD /D_CRT_SECURE_NO_DEPRECATE /D_SCL_SECURE_NO_DEPRECATE /D_SECURE_SCL=0   /DMATLAB_MEX_FILE  /DMATLAB_MEX_FILE /O2 /Oy- /DNDEBUG /fp:strict /utf-8 /I "." /I "C:\Users\aledi\Documents\GitHub\MatlabMEX\StochasticGrowthModel" /I ".\interface" /I "C:\Program Files\MATLAB\R2024b\extern\include" /I "." -DMODEL=rbc_solver_interp_mex /openmp /wd4101  eml_int_forloop_overflow_check.c /Fobuild\win64\eml_int_forloop_overflow_check.obj
eml_int_forloop_overflow_check.c
[4/15] cl /c /Zc:__cplusplus /Zp8 /GR /W3 /EHs /nologo /MD /D_CRT_SECURE_NO_DEPRECATE /D_SCL_SECURE_NO_DEPRECATE /D_SECURE_SCL=0   /DMATLAB_MEX_FILE  /DMATLAB_MEX_FILE /O2 /Oy- /DNDEBUG /fp:strict /utf-8 /I "." /I "C:\Users\aledi\Documents\GitHub\MatlabMEX\StochasticGrowthModel" /I ".\interface" /I "C:\Program Files\MATLAB\R2024b\extern\include" /I "." -DMODEL=rbc_solver_interp_mex /openmp /wd4101  rbc_solver_interp_data.c /Fobuild\win64\rbc_solver_interp_data.obj
rbc_solver_interp_data.c
[5/15] cl /c /Zc:__cplusplus /Zp8 /GR /W3 /EHs /nologo /MD /D_CRT_SECURE_NO_DEPRECATE /D_SCL_SECURE_NO_DEPRECATE /D_SECURE_SCL=0   /DMATLAB_MEX_FILE  /DMATLAB_MEX_FILE /O2 /Oy- /DNDEBUG /fp:strict /utf-8 /I "." /I "C:\Users\aledi\Documents\GitHub\MatlabMEX\StochasticGrowthModel" /I ".\interface" /I "C:\Program Files\MATLAB\R2024b\extern\include" /I "." -DMODEL=rbc_solver_interp_mex /openmp /wd4101  interface\_coder_rbc_solver_interp_info.c /Fobuild\win64\_coder_rbc_solver_interp_info.obj
_coder_rbc_solver_interp_info.c
[6/15] cl /c /Zc:__cplusplus /Zp8 /GR /W3 /EHs /nologo /MD /D_CRT_SECURE_NO_DEPRECATE /D_SCL_SECURE_NO_DEPRECATE /D_SECURE_SCL=0   /DMATLAB_MEX_FILE  /DMATLAB_MEX_FILE /O2 /Oy- /DNDEBUG /fp:strict /utf-8 /I "." /I "C:\Users\aledi\Documents\GitHub\MatlabMEX\StochasticGrowthModel" /I ".\interface" /I "C:\Program Files\MATLAB\R2024b\extern\include" /I "." -DMODEL=rbc_solver_interp_mex /openmp /wd4101  rbc_solver_interp_initialize.c /Fobuild\win64\rbc_solver_interp_initialize.obj
rbc_solver_interp_initialize.c
[7/15] cl /c /Zc:__cplusplus /Zp8 /GR /W3 /EHs /nologo /MD /D_CRT_SECURE_NO_DEPRECATE /D_SCL_SECURE_NO_DEPRECATE /D_SECURE_SCL=0   /DMATLAB_MEX_FILE  /DMATLAB_MEX_FILE /O2 /Oy- /DNDEBUG /fp:strict /utf-8 /I "." /I "C:\Users\aledi\Documents\GitHub\MatlabMEX\StochasticGrowthModel" /I ".\interface" /I "C:\Program Files\MATLAB\R2024b\extern\include" /I "." -DMODEL=rbc_solver_interp_mex /openmp /wd4101  "C:\Program Files\MATLAB\R2024b\extern\version\c_mexapi_version.c" /Fobuild\win64\c_mexapi_version.obj
c_mexapi_version.c
[8/15] cl /c /Zc:__cplusplus /Zp8 /GR /W3 /EHs /nologo /MD /D_CRT_SECURE_NO_DEPRECATE /D_SCL_SECURE_NO_DEPRECATE /D_SECURE_SCL=0   /DMATLAB_MEX_FILE  /DMATLAB_MEX_FILE /O2 /Oy- /DNDEBUG /fp:strict /utf-8 /I "." /I "C:\Users\aledi\Documents\GitHub\MatlabMEX\StochasticGrowthModel" /I ".\interface" /I "C:\Program Files\MATLAB\R2024b\extern\include" /I "." -DMODEL=rbc_solver_interp_mex /openmp /wd4101  rbc_solver_interp_terminate.c /Fobuild\win64\rbc_solver_interp_terminate.obj
rbc_solver_interp_terminate.c
[9/15] cl /c /Zc:__cplusplus /Zp8 /GR /W3 /EHs /nologo /MD /D_CRT_SECURE_NO_DEPRECATE /D_SCL_SECURE_NO_DEPRECATE /D_SECURE_SCL=0   /DMATLAB_MEX_FILE  /DMATLAB_MEX_FILE /O2 /Oy- /DNDEBUG /fp:strict /utf-8 /I "." /I "C:\Users\aledi\Documents\GitHub\MatlabMEX\StochasticGrowthModel" /I ".\interface" /I "C:\Program Files\MATLAB\R2024b\extern\include" /I "." -DMODEL=rbc_solver_interp_mex /openmp /wd4101  mtimes.c /Fobuild\win64\mtimes.obj
mtimes.c
[10/15] cl /c /Zc:__cplusplus /Zp8 /GR /W3 /EHs /nologo /MD /D_CRT_SECURE_NO_DEPRECATE /D_SCL_SECURE_NO_DEPRECATE /D_SECURE_SCL=0   /DMATLAB_MEX_FILE  /DMATLAB_MEX_FILE /O2 /Oy- /DNDEBUG /fp:strict /utf-8 /I "." /I "C:\Users\aledi\Documents\GitHub\MatlabMEX\StochasticGrowthModel" /I ".\interface" /I "C:\Program Files\MATLAB\R2024b\extern\include" /I "." -DMODEL=rbc_solver_interp_mex /openmp /wd4101  brent_min.c /Fobuild\win64\brent_min.obj
brent_min.c
[11/15] cl /c /Zc:__cplusplus /Zp8 /GR /W3 /EHs /nologo /MD /D_CRT_SECURE_NO_DEPRECATE /D_SCL_SECURE_NO_DEPRECATE /D_SECURE_SCL=0   /DMATLAB_MEX_FILE  /DMATLAB_MEX_FILE /O2 /Oy- /DNDEBUG /fp:strict /utf-8 /I "." /I "C:\Users\aledi\Documents\GitHub\MatlabMEX\StochasticGrowthModel" /I ".\interface" /I "C:\Program Files\MATLAB\R2024b\extern\include" /I "." -DMODEL=rbc_solver_interp_mex /openmp /wd4101  interface\_coder_rbc_solver_interp_api.c /Fobuild\win64\_coder_rbc_solver_interp_api.obj
_coder_rbc_solver_interp_api.c
[12/15] cl /c /Zc:__cplusplus /Zp8 /GR /W3 /EHs /nologo /MD /D_CRT_SECURE_NO_DEPRECATE /D_SCL_SECURE_NO_DEPRECATE /D_SECURE_SCL=0   /DMATLAB_MEX_FILE  /DMATLAB_MEX_FILE /O2 /Oy- /DNDEBUG /fp:strict /utf-8 /I "." /I "C:\Users\aledi\Documents\GitHub\MatlabMEX\StochasticGrowthModel" /I ".\interface" /I "C:\Program Files\MATLAB\R2024b\extern\include" /I "." -DMODEL=rbc_solver_interp_mex /openmp /wd4101  interface\_coder_rbc_solver_interp_mex.c /Fobuild\win64\_coder_rbc_solver_interp_mex.obj
_coder_rbc_solver_interp_mex.c
[13/15] cl /c /Zc:__cplusplus /Zp8 /GR /W3 /EHs /nologo /MD /D_CRT_SECURE_NO_DEPRECATE /D_SCL_SECURE_NO_DEPRECATE /D_SECURE_SCL=0   /DMATLAB_MEX_FILE  /DMATLAB_MEX_FILE /O2 /Oy- /DNDEBUG /fp:strict /utf-8 /I "." /I "C:\Users\aledi\Documents\GitHub\MatlabMEX\StochasticGrowthModel" /I ".\interface" /I "C:\Program Files\MATLAB\R2024b\extern\include" /I "." -DMODEL=rbc_solver_interp_mex /openmp /wd4101  rbc_solver_interp_emxutil.c /Fobuild\win64\rbc_solver_interp_emxutil.obj
rbc_solver_interp_emxutil.c
[14/15] cl /c /Zc:__cplusplus /Zp8 /GR /W3 /EHs /nologo /MD /D_CRT_SECURE_NO_DEPRECATE /D_SCL_SECURE_NO_DEPRECATE /D_SECURE_SCL=0   /DMATLAB_MEX_FILE  /DMATLAB_MEX_FILE /O2 /Oy- /DNDEBUG /fp:strict /utf-8 /I "." /I "C:\Users\aledi\Documents\GitHub\MatlabMEX\StochasticGrowthModel" /I ".\interface" /I "C:\Program Files\MATLAB\R2024b\extern\include" /I "." -DMODEL=rbc_solver_interp_mex /openmp /wd4101  rbc_solver_interp.c /Fobuild\win64\rbc_solver_interp.obj
rbc_solver_interp.c
[15/15] link @rbc_solver_interp_mex.mexw64.rsp  /nologo    /DLL /LIBPATH:"C:\Program Files\MATLAB\R2024b\extern\lib\win64\microsoft" libmx.lib libmex.lib libmat.lib kernel32.lib user32.lib gdi32.lib winspool.lib comdlg32.lib advapi32.lib shell32.lib ole32.lib oleaut32.lib uuid.lib odbc32.lib odbccp32.lib  /out:"rbc_solver_interp_mex.mexw64" /LIBPATH:"C:\Program Files\MATLAB\R2024b\extern\lib\win64\microsoft" libmwblas.lib libemlrt.lib libcovrt.lib libut.lib libmwmathutil.lib libiomp5md.lib /nodefaultlib:vcomp /LIBPATH:"C:\Program Files\MATLAB\R2024b\bin\win64" /export:mexFunction /export:mexfilerequiredapiversion /export:emlrtMexFcnProperties /export:rbc_solver_interp /export:rbc_solver_interp_initialize /export:rbc_solver_interp_terminate /export:rbc_solver_interp_atexit /export:emlrt_marshallIn /export:b_emlrt_marshallIn /export:g_emlrt_marshallIn /export:c_emxFreeStruct_anonymous_funct /export:emxFreeStruct_struct_T /export:c_emxInitStruct_anonymous_funct /export:emxInitStruct_struct_T /export:emxFree_real_T /export:emxInit_real_T /export:emxEnsureCapacity_real_T
   Creating library rbc_solver_interp_mex.lib and object rbc_solver_interp_mex.exp
